TN:
SF:script/Deploy.s.sol
DA:11,0
FN:11,DeployScript.run
FNDA:0,DeployScript.run
DA:13,0
DA:14,0
DA:16,0
DA:18,0
DA:21,0
DA:22,0
DA:24,0
DA:27,0
DA:28,0
DA:30,0
DA:31,0
DA:34,0
DA:35,0
DA:37,0
DA:38,0
DA:39,0
DA:42,0
DA:43,0
DA:45,0
DA:46,0
DA:54,0
DA:56,0
FNF:1
FNH:0
LF:23
LH:0
BRF:0
BRH:0
end_of_record
TN:
SF:script/DeployTestnet.s.sol
DA:13,0
FN:13,DeploySeraTestnet.run
FNDA:0,DeploySeraTestnet.run
DA:14,0
DA:15,0
DA:18,0
DA:20,0
DA:21,0
DA:23,0
DA:26,0
DA:27,0
DA:29,0
DA:30,0
DA:33,0
DA:34,0
DA:36,0
DA:39,0
DA:41,0
DA:44,0
DA:45,0
DA:48,0
DA:49,0
DA:50,0
DA:51,0
DA:54,0
DA:55,0
DA:56,0
DA:59,0
BRDA:59,0,0,-
BRDA:59,0,1,-
DA:60,0
DA:61,0
DA:63,0
DA:67,0
DA:68,0
DA:70,0
DA:71,0
DA:74,0
DA:75,0
DA:76,0
DA:78,0
DA:80,0
FNF:1
FNH:0
LF:38
LH:0
BRF:2
BRH:0
end_of_record
TN:
SF:src/7702/Sera7702Delegate.sol
DA:40,4
FN:40,Sera7702Delegate._domainNameAndVersion
FNDA:4,Sera7702Delegate._domainNameAndVersion
DA:41,4
DA:42,4
DA:45,0
FN:45,Sera7702Delegate.DOMAIN_SEPARATOR
FNDA:0,Sera7702Delegate.DOMAIN_SEPARATOR
DA:46,0
DA:59,0
FN:59,Sera7702Delegate.executeBatch
FNDA:0,Sera7702Delegate.executeBatch
DA:60,0
BRDA:60,0,0,-
DA:61,0
DA:71,5
FN:71,Sera7702Delegate.executeSponsoredBatch
FNDA:5,Sera7702Delegate.executeSponsoredBatch
DA:76,5
DA:85,5
DA:89,5
DA:90,5
BRDA:90,1,0,2
DA:93,3
DA:99,3
FN:99,Sera7702Delegate._execute
FNDA:3,Sera7702Delegate._execute
DA:100,3
BRDA:100,2,0,-
DA:101,3
BRDA:101,3,0,-
DA:102,3
DA:103,5
DA:104,5
BRDA:104,4,0,-
DA:106,5
DA:114,5
FN:114,Sera7702Delegate._hashBytesArray
FNDA:5,Sera7702Delegate._hashBytesArray
DA:115,5
DA:116,5
DA:117,7
DA:119,7
DA:122,0
FNF:6
FNH:4
LF:27
LH:21
BRF:5
BRH:1
end_of_record
TN:
SF:src/7702/SeraRelayer.sol
DA:32,4
FN:32,SeraRelayer.constructor
FNDA:4,SeraRelayer.constructor
DA:33,4
BRDA:33,0,0,-
DA:34,4
DA:35,4
DA:43,1
FN:43,SeraRelayer.depositAndMatchFOK
FNDA:1,SeraRelayer.depositAndMatchFOK
DA:50,1
DA:51,1
DA:52,1
DA:58,1
FN:58,SeraRelayer.depositAndMatchSOR
FNDA:1,SeraRelayer.depositAndMatchSOR
DA:66,1
DA:67,1
DA:68,1
DA:74,0
FN:74,SeraRelayer.depositAndMatch
FNDA:0,SeraRelayer.depositAndMatch
DA:81,0
DA:82,0
DA:83,0
DA:89,0
FN:89,SeraRelayer.depositAndMatchBatch
FNDA:0,SeraRelayer.depositAndMatchBatch
DA:96,0
DA:97,0
DA:98,0
DA:103,0
FN:103,SeraRelayer.matchOrders
FNDA:0,SeraRelayer.matchOrders
DA:104,0
DA:107,0
FN:107,SeraRelayer.batchMatchOrdersAtomic
FNDA:0,SeraRelayer.batchMatchOrdersAtomic
DA:112,0
DA:115,0
FN:115,SeraRelayer.batchMatchOrders
FNDA:0,SeraRelayer.batchMatchOrders
DA:121,0
DA:124,0
FN:124,SeraRelayer.matchOrdersRouted
FNDA:0,SeraRelayer.matchOrdersRouted
DA:129,0
DA:132,0
FN:132,SeraRelayer.executeInstantWithdrawDualSig
FNDA:0,SeraRelayer.executeInstantWithdrawDualSig
DA:138,0
FNF:10
FNH:3
LF:30
LH:12
BRF:1
BRH:0
end_of_record
TN:
SF:src/Sera.sol
DA:120,64
FN:120,Sera.constructor
FNDA:64,Sera.constructor
DA:121,64
BRDA:121,0,0,-
DA:122,64
BRDA:122,1,0,-
DA:125,64
DA:126,64
DA:127,64
DA:129,64
DA:131,64
DA:132,64
DA:136,24
FN:136,Sera.setTrustedRouter
FNDA:24,Sera.setTrustedRouter
DA:137,24
BRDA:137,2,0,-
DA:138,24
DA:139,24
DA:146,186032
FN:146,Sera.depositFund
FNDA:186032,Sera.depositFund
DA:147,186032
BRDA:147,3,0,-
DA:148,186032
BRDA:148,4,0,-
DA:149,186032
DA:160,1
FN:160,Sera.depositFundWithPermit
FNDA:1,Sera.depositFundWithPermit
DA:168,1
BRDA:168,5,0,-
DA:169,1
BRDA:169,6,0,-
DA:171,1
BRDA:171,7,0,1
BRDA:171,7,1,-
DA:172,1
DA:173,1
DA:174,1
DA:176,0
DA:177,0
DA:178,0
DA:180,1
BRDA:180,8,0,-
DA:181,1
DA:182,1
DA:195,150889
FN:195,Sera.emergencyWithdraw
FNDA:150889,Sera.emergencyWithdraw
DA:196,150889
BRDA:196,9,0,-
DA:197,150889
BRDA:197,10,0,-
DA:199,150889
DA:201,150889
BRDA:201,11,0,15830
BRDA:201,11,1,-
DA:202,15830
DA:203,15830
DA:204,15830
DA:206,135059
DA:207,135059
BRDA:207,12,0,3396
DA:208,131663
BRDA:208,13,0,62805
DA:210,68858
DA:212,68858
BRDA:212,14,0,65550
DA:213,65550
DA:216,3308
DA:217,3050
DA:228,3
FN:228,Sera.executeInstantWithdrawDualSig
FNDA:3,Sera.executeInstantWithdrawDualSig
DA:234,3
BRDA:234,15,0,-
DA:235,1
BRDA:235,16,0,1
DA:236,2
BRDA:236,17,0,-
DA:237,2
BRDA:237,18,0,-
DA:239,2
DA:250,2
BRDA:250,19,0,-
DA:252,2
DA:254,2
BRDA:254,20,0,-
DA:255,2
DA:256,2
DA:257,2
BRDA:257,21,0,-
DA:259,2
DA:261,2
DA:263,2
DA:264,2
DA:265,3
BRDA:265,22,0,-
DA:266,3
BRDA:266,23,0,-
DA:267,3
DA:268,3
DA:282,231815
FN:282,Sera.matchOrders
FNDA:231815,Sera.matchOrders
DA:283,231815
DA:284,231815
DA:287,231815
DA:288,231307
DA:291,231305
BRDA:291,24,0,-
DA:292,231305
BRDA:292,25,0,-
DA:295,231305
BRDA:295,26,0,-
DA:296,231305
BRDA:296,27,0,-
DA:298,231305
DA:304,231305
FN:304,Sera._executeMatch
FNDA:231305,Sera._executeMatch
DA:306,231305
DA:308,231304
DA:309,231304
DA:311,231304
DA:324,231048
BRDA:324,28,0,231048
DA:325,231048
DA:327,231049
BRDA:327,29,0,231049
DA:328,231049
DA:345,231319
FN:345,Sera._calculateSettlement
FNDA:231319,Sera._calculateSettlement
DA:352,231319
BRDA:352,30,0,-
DA:354,231319
DA:355,231319
DA:357,231319
DA:358,231319
DA:360,231319
DA:361,231319
DA:364,231319
DA:365,231319
DA:367,231319
DA:368,231319
DA:370,231319
DA:371,231319
DA:372,231319
DA:373,231319
DA:376,462618
FN:376,Sera._executeVaultSettlement
FNDA:462618,Sera._executeVaultSettlement
DA:384,462618
BRDA:384,31,0,462618
DA:385,462618
BRDA:385,32,0,1
BRDA:385,32,1,-
DA:387,1
DA:390,462617
DA:394,462618
BRDA:394,33,0,3
DA:395,3
DA:399,231304
FN:399,Sera._collectAndDistribute
FNDA:231304,Sera._collectAndDistribute
DA:406,231304
DA:407,231304
DA:409,231304
DA:418,231304
DA:427,231304
DA:432,463137
FN:432,Sera._validateOrder
FNDA:463137,Sera._validateOrder
DA:437,463137
BRDA:437,34,0,1
DA:439,463136
DA:442,463136
DA:445,463136
DA:446,462626
BRDA:446,35,0,-
DA:450,463151
FN:450,Sera._validateOrderCommon
FNDA:463151,Sera._validateOrderCommon
DA:452,463151
BRDA:452,36,0,-
DA:453,463151
BRDA:453,37,0,-
DA:454,463151
BRDA:454,38,0,383
DA:455,462768
BRDA:455,39,0,2
DA:458,462766
DA:459,462766
BRDA:459,40,0,2
DA:462,462764
DA:463,462764
BRDA:463,41,0,120
DA:473,462631
FN:473,Sera._validateSignature
FNDA:462631,Sera._validateSignature
DA:474,462631
BRDA:474,42,0,2
DA:475,462629
DA:476,462629
DA:477,462629
BRDA:477,43,0,1
DA:482,13
FN:482,Sera.getRouteDigest
FNDA:13,Sera.getRouteDigest
DA:483,13
DA:484,13
DA:488,64
FN:488,Sera._domainNameAndVersion
FNDA:64,Sera._domainNameAndVersion
DA:489,64
DA:490,64
DA:493,463668
FN:493,Sera.DOMAIN_SEPARATOR
FNDA:463668,Sera.DOMAIN_SEPARATOR
DA:494,463668
DA:507,16
FN:507,Sera.settleRoutedLeg
FNDA:16,Sera.settleRoutedLeg
DA:513,16
BRDA:513,44,0,1
DA:515,15
DA:516,15
DA:519,15
DA:521,15
BRDA:521,45,0,-
DA:524,15
BRDA:524,46,0,11
DA:525,11
DA:526,11
BRDA:526,47,0,-
DA:530,15
DA:533,14
BRDA:533,48,0,-
DA:534,14
BRDA:534,49,0,-
DA:537,14
BRDA:537,50,0,-
DA:538,14
BRDA:538,51,0,-
DA:540,14
DA:547,14
FN:547,Sera._settleRoutedLegInternal
FNDA:14,Sera._settleRoutedLegInternal
DA:554,14
DA:555,14
DA:556,14
DA:559,14
BRDA:559,52,0,11
DA:560,11
DA:564,14
DA:565,4
BRDA:565,53,0,4
BRDA:565,53,1,-
DA:566,4
BRDA:566,54,0,4
DA:567,4
DA:569,4
BRDA:569,55,0,-
DA:571,0
DA:574,10
DA:585,4
DA:586,14
BRDA:586,56,0,14
DA:587,14
DA:588,14
BRDA:588,57,0,-
BRDA:588,57,1,-
DA:590,0
DA:591,0
DA:593,14
DA:597,14
BRDA:597,58,0,1
DA:599,1
DA:600,1
DA:604,14
DA:616,13
BRDA:616,59,0,13
DA:617,13
BRDA:617,60,0,13
FNF:19
FNH:19
LF:183
LH:177
BRF:66
BRH:27
end_of_record
TN:
SF:src/SeraAdmin.sol
DA:62,0
FN:62,SeraAdmin.setTreasury
FNDA:0,SeraAdmin.setTreasury
DA:63,0
BRDA:63,0,0,-
DA:64,0
DA:65,0
DA:72,0
FN:72,SeraAdmin.setSlippageCaptureBps
FNDA:0,SeraAdmin.setSlippageCaptureBps
DA:73,0
BRDA:73,1,0,-
DA:74,0
DA:75,0
DA:84,402
FN:84,SeraAdmin.modifyWhitelistedToken
FNDA:402,SeraAdmin.modifyWhitelistedToken
DA:88,402
BRDA:88,2,0,-
DA:89,402
BRDA:89,3,0,-
DA:91,402
DA:93,402
DA:97,4
FN:97,SeraAdmin.rescueToken
FNDA:4,SeraAdmin.rescueToken
DA:98,4
BRDA:98,4,0,1
DA:99,3
BRDA:99,5,0,1
DA:100,2
DA:101,2
BRDA:101,6,0,1
DA:103,1
DA:104,1
DA:108,2
FN:108,SeraAdmin.pause
FNDA:2,SeraAdmin.pause
DA:109,0
DA:113,2
FN:113,SeraAdmin.unpause
FNDA:2,SeraAdmin.unpause
DA:114,0
FNF:6
FNH:4
LF:24
LH:14
BRF:7
BRH:3
end_of_record
TN:
SF:src/SeraBase.sol
DA:19,16
FN:19,SeraBase.onlySeraRole
FNDA:16,SeraBase.onlySeraRole
DA:20,16
BRDA:20,0,0,1
DA:24,15
FN:24,SeraBase.whenNotPaused
FNDA:15,SeraBase.whenNotPaused
DA:25,15
BRDA:25,1,0,-
DA:29,79
FN:29,SeraBase.constructor
FNDA:79,SeraBase.constructor
DA:30,79
BRDA:30,2,0,-
DA:31,79
DA:32,79
FNF:3
FNH:3
LF:8
LH:8
BRF:3
BRH:1
end_of_record
TN:
SF:src/SeraBatcher.sol
DA:43,76883
FN:43,SeraBatcher.batchMatchOrders
FNDA:76883,SeraBatcher.batchMatchOrders
DA:49,76881
BRDA:49,0,0,1
DA:51,76880
DA:52,77138
BRDA:52,1,0,77138
DA:53,77011
DA:54,127
BRDA:54,1,1,127
DA:55,127
DA:56,127
DA:57,127
DA:58,127
DA:61,76880
DA:69,77582
FN:69,SeraBatcher.batchMatchOrdersAtomic
FNDA:77582,SeraBatcher.batchMatchOrdersAtomic
DA:74,77581
BRDA:74,2,0,-
DA:76,77581
DA:77,77841
DA:80,77321
DA:90,3
FN:90,SeraBatcher.batchMatchMixed
FNDA:3,SeraBatcher.batchMatchMixed
DA:100,2
DA:101,3
BRDA:101,3,0,3
DA:102,2
DA:103,1
BRDA:103,3,1,1
DA:104,1
DA:105,1
DA:110,2
DA:111,2
BRDA:111,4,0,2
DA:112,2
DA:113,0
BRDA:113,4,1,-
DA:114,0
DA:115,0
DA:116,0
DA:117,0
FNF:3
FNH:3
LF:31
LH:26
BRF:8
BRH:6
end_of_record
TN:
SF:src/SeraLens.sol
DA:32,7
FN:32,SeraLens.constructor
FNDA:7,SeraLens.constructor
DA:33,7
DA:34,7
DA:43,1
FN:43,SeraLens.getEffectiveOrders
FNDA:1,SeraLens.getEffectiveOrders
DA:44,1
DA:46,1
DA:47,2
DA:48,2
DA:49,2
DA:52,2
DA:53,2
DA:56,2
DA:59,2
DA:60,2
BRDA:60,0,0,1
DA:61,1
DA:64,2
DA:67,2
DA:69,2
DA:88,1
FN:88,SeraLens.getUserBalances
FNDA:1,SeraLens.getUserBalances
DA:93,1
DA:94,1
DA:95,2
FNF:3
FNH:3
LF:22
LH:22
BRF:1
BRH:1
end_of_record
TN:
SF:src/SeraLib.sol
DA:66,463944
FN:66,SeraLib.getOrderHashCalldata
FNDA:463944,SeraLib.getOrderHashCalldata
DA:67,463944
DA:87,231319
FN:87,SeraLib._executionValues
FNDA:231319,SeraLib._executionValues
DA:92,231319
BRDA:92,0,0,1
DA:95,231319
DA:99,231319
DA:102,231319
BRDA:102,1,0,1
FNF:2
FNH:2
LF:7
LH:7
BRF:2
BRH:2
end_of_record
TN:
SF:src/SeraSOR.sol
DA:50,12
FN:50,SeraSOR.matchOrdersRouted
FNDA:12,SeraSOR.matchOrdersRouted
DA:55,12
DA:66,1
FN:66,SeraSOR.swapRouted
FNDA:1,SeraSOR.swapRouted
DA:71,1
DA:77,13
FN:77,SeraSOR._executeRouted
FNDA:13,SeraSOR._executeRouted
DA:78,13
BRDA:78,0,0,-
DA:79,13
BRDA:79,1,0,-
DA:82,13
DA:85,13
DA:86,13
DA:90,13
DA:91,11
DA:92,11
DA:94,11
BRDA:94,2,0,1
DA:95,1
DA:97,1
DA:98,1
DA:102,11
DA:103,18
DA:106,18
BRDA:106,3,0,1
DA:109,17
BRDA:109,4,0,1
DA:112,17
BRDA:112,5,0,1
DA:115,16
DA:120,16
DA:121,16
DA:124,16
DA:127,14
BRDA:127,6,0,4
DA:128,4
DA:132,14
DA:133,14
DA:134,14
DA:137,7
DA:147,13
FN:147,SeraSOR._computeRouteHash
FNDA:13,SeraSOR._computeRouteHash
DA:148,13
DA:149,13
DA:150,20
DA:154,20
DA:172,0
DA:173,0
DA:176,13
DA:182,13
FN:182,SeraSOR._validateRouteSignature
FNDA:13,SeraSOR._validateRouteSignature
DA:183,13
DA:185,13
DA:186,13
BRDA:186,7,0,2
DA:189,16
FN:189,SeraSOR._consumeTransientBalance
FNDA:16,SeraSOR._consumeTransientBalance
DA:196,16
DA:197,16
DA:198,16
DA:200,4
DA:201,4
DA:203,4
DA:204,4
DA:205,4
DA:208,5
FN:208,SeraSOR._addTransientBalance
FNDA:5,SeraSOR._addTransientBalance
DA:215,5
DA:216,5
BRDA:216,10,0,5
DA:217,5
DA:219,5
DA:224,21
FN:224,SeraSOR._findTokenSlot
FNDA:21,SeraSOR._findTokenSlot
DA:229,21
DA:230,21
DA:231,22
DA:232,22
DA:234,1
DA:235,1
BRDA:235,12,0,-
DA:239,0
FNF:8
FNH:8
LF:66
LH:63
BRF:10
BRH:7
end_of_record
TN:
SF:src/Vault.sol
DA:27,64
FN:27,Vault.constructor
FNDA:64,Vault.constructor
DA:28,64
DA:35,186034
FN:35,Vault.deposit
FNDA:186034,Vault.deposit
DA:41,0
BRDA:41,0,0,-
DA:42,186034
BRDA:42,1,0,-
DA:44,186034
DA:46,186034
DA:47,186034
DA:48,186034
DA:60,2
FN:60,Vault.creditLedger
FNDA:2,Vault.creditLedger
DA:66,1
BRDA:66,2,0,1
DA:67,1
BRDA:67,3,0,-
DA:70,1
DA:71,1
DA:74,1
BRDA:74,4,0,-
DA:76,1
DA:77,1
DA:78,1
DA:82,465944
FN:82,Vault.withdraw
FNDA:465944,Vault.withdraw
DA:88,465944
BRDA:88,5,0,-
DA:89,465944
BRDA:89,6,0,-
DA:90,465944
DA:91,465944
BRDA:91,7,0,258
DA:93,465686
DA:94,465686
DA:96,465686
DA:98,465686
DA:102,4
FN:102,Vault.transferLedger
FNDA:4,Vault.transferLedger
DA:108,4
BRDA:108,8,0,-
DA:109,4
BRDA:109,9,0,-
DA:110,4
DA:111,4
BRDA:111,10,0,-
DA:113,4
DA:114,4
DA:119,4
DA:120,4
DA:125,5
FN:125,Vault.setBlacklisted
FNDA:5,Vault.setBlacklisted
DA:126,5
DA:127,5
DA:131,462770
FN:131,Vault.isBlacklisted
FNDA:462770,Vault.isBlacklisted
DA:132,462770
DA:136,1105944
FN:136,Vault.balanceOf
FNDA:1105944,Vault.balanceOf
DA:137,1105944
DA:141,1
FN:141,Vault.balanceOf
FNDA:1,Vault.balanceOf
DA:142,1
DA:149,3
FN:149,Vault.rescueToken
FNDA:3,Vault.rescueToken
DA:155,3
BRDA:155,11,0,1
DA:156,2
DA:157,2
DA:158,2
BRDA:158,12,0,1
DA:159,1
DA:160,1
FNF:10
FNH:10
LF:52
LH:51
BRF:13
BRH:4
end_of_record
TN:
SF:src/mock/MockStableCoin.sol
DA:12,149
FN:12,MockStableCoin.constructor
FNDA:149,MockStableCoin.constructor
DA:13,149
DA:14,149
DA:17,2
FN:17,MockStableCoin.name
FNDA:2,MockStableCoin.name
DA:18,2
DA:21,0
FN:21,MockStableCoin.symbol
FNDA:0,MockStableCoin.symbol
DA:22,0
DA:25,188347
FN:25,MockStableCoin.mint
FNDA:188347,MockStableCoin.mint
DA:26,188347
FNF:4
FNH:3
LF:9
LH:7
BRF:0
BRH:0
end_of_record
TN:
SF:test/Sera.t.sol
DA:20,1
FN:20,SeraHarness.expose_calculateSettlement
FNDA:1,SeraHarness.expose_calculateSettlement
DA:27,1
FNF:1
FNH:1
LF:2
LH:2
BRF:0
BRH:0
end_of_record
TN:
SF:test/SeraCoverageExtras.t.sol
DA:13,1
FN:13,FakeSeraString.hasRole
FNDA:1,FakeSeraString.hasRole
DA:14,1
DA:17,1
FN:17,FakeSeraString.paused
FNDA:1,FakeSeraString.paused
DA:18,1
DA:21,1
FN:21,FakeSeraString.matchOrders
FNDA:1,FakeSeraString.matchOrders
DA:22,1
DA:25,0
FN:25,FakeSeraString.getOrderHash
FNDA:0,FakeSeraString.getOrderHash
DA:26,0
DA:29,0
FN:29,FakeSeraString.depositFundWithPermit
FNDA:0,FakeSeraString.depositFundWithPermit
FNF:5
FNH:3
LF:9
LH:6
BRF:0
BRH:0
end_of_record
TN:
SF:test/SeraInvariant.t.sol
DA:35,5
FN:35,SeraInvariantHandler.constructor
FNDA:5,SeraInvariantHandler.constructor
DA:43,5
DA:44,5
DA:45,5
DA:46,5
DA:47,5
DA:48,5
DA:49,5
DA:51,5
DA:52,25
DA:53,25
DA:54,25
DA:58,92166
FN:58,SeraInvariantHandler.depositUSDT
FNDA:92166,SeraInvariantHandler.depositUSDT
DA:59,92166
DA:60,92166
DA:61,92166
DA:62,92166
DA:63,92166
DA:64,92166
DA:65,92166
DA:66,92166
DA:67,92166
DA:68,92166
DA:71,91451
FN:71,SeraInvariantHandler.depositSGD
FNDA:91451,SeraInvariantHandler.depositSGD
DA:72,91451
DA:73,91451
DA:74,91451
DA:75,91451
DA:76,91451
DA:77,91451
DA:78,91451
DA:79,91451
DA:80,91451
DA:81,91451
DA:84,91477
FN:84,SeraInvariantHandler.matchOrders
FNDA:91477,SeraInvariantHandler.matchOrders
DA:85,91477
DA:86,91477
DA:87,91477
BRDA:87,0,0,18206
DA:88,91477
DA:89,91477
DA:90,91477
DA:91,91477
DA:92,91477
DA:93,91477
DA:94,91477
DA:95,76313
DA:96,76313
DA:108,76313
DA:120,76313
DA:128,76313
DA:129,76313
BRDA:129,2,0,76313
DA:130,76313
DA:134,91759
FN:134,SeraInvariantHandler.matchOrdersViaBatch
FNDA:91759,SeraInvariantHandler.matchOrdersViaBatch
DA:135,91759
DA:136,91759
DA:137,91759
BRDA:137,3,0,18494
DA:138,91759
DA:139,91759
DA:140,91759
DA:141,91759
DA:142,91759
DA:143,91759
DA:144,91759
DA:145,76615
DA:146,76615
DA:158,76615
DA:170,76615
DA:171,76615
DA:179,76615
DA:180,76615
BRDA:180,5,0,76615
DA:182,76615
BRDA:182,6,0,76615
DA:186,92551
FN:186,SeraInvariantHandler.matchOrdersViaFok
FNDA:92551,SeraInvariantHandler.matchOrdersViaFok
DA:187,92551
DA:188,92551
DA:189,92551
BRDA:189,7,0,18478
DA:190,92551
DA:191,92551
DA:192,92551
DA:193,92551
DA:194,92551
DA:195,92551
DA:196,92551
DA:197,77317
DA:198,77317
DA:210,77317
DA:222,77317
DA:223,77317
DA:231,77317
DA:232,77317
BRDA:232,9,0,77317
DA:233,77317
DA:237,91460
FN:237,SeraInvariantHandler.requestWithdrawal
FNDA:91460,SeraInvariantHandler.requestWithdrawal
DA:238,91460
DA:239,91460
DA:240,91460
DA:241,91460
DA:242,91460
DA:243,82116
DA:244,82116
DA:245,82116
BRDA:245,11,0,82116
DA:248,91636
FN:248,SeraInvariantHandler.executeWithdrawal
FNDA:91636,SeraInvariantHandler.executeWithdrawal
DA:249,91636
DA:250,91636
DA:251,91636
DA:252,91636
DA:253,91636
DA:254,68771
DA:255,68771
DA:256,68771
DA:257,68771
BRDA:257,13,0,68771
DA:258,3044
DA:259,1549
BRDA:259,14,0,1549
BRDA:259,14,1,1495
DA:260,1495
DA:264,0
FN:264,SeraInvariantHandler.getActorCount
FNDA:0,SeraInvariantHandler.getActorCount
DA:265,0
DA:268,0
FN:268,SeraInvariantHandler.getActor
FNDA:0,SeraInvariantHandler.getActor
DA:269,0
FNF:10
FNH:8
LF:116
LH:112
BRF:11
BRH:11
end_of_record
TN:
SF:test/TestHelper.sol
DA:24,463655
FN:24,TestHelper._signOrder
FNDA:463655,TestHelper._signOrder
DA:25,463655
DA:40,463655
DA:41,463655
DA:42,463655
DA:43,463655
DA:49,2413
FN:49,TestHelper._mintAndDeposit
FNDA:2413,TestHelper._mintAndDeposit
DA:50,2413
DA:51,2413
DA:52,2413
DA:53,2413
DA:54,2413
DA:55,2413
DA:61,8
FN:61,TestHelper._mintInWallet
FNDA:8,TestHelper._mintInWallet
DA:62,8
DA:68,1
FN:68,TestHelper._signPermit
FNDA:1,TestHelper._signPermit
DA:73,1
DA:74,1
DA:75,1
DA:76,1
DA:78,1
DA:79,1
DA:81,1
DA:82,1
DA:88,13
FN:88,TestHelper._signRoute
FNDA:13,TestHelper._signRoute
DA:89,13
DA:90,13
DA:91,13
DA:92,13
DA:93,13
DA:99,63
FN:99,TestHelper._deploySera
FNDA:63,TestHelper._deploySera
DA:101,63
DA:104,63
DA:107,63
DA:108,63
DA:109,63
DA:111,0
FNF:6
FNH:6
LF:37
LH:36
BRF:0
BRH:0
end_of_record
